<?xml version="1.0" encoding="UTF-8"?>
<!-- Generated by org.testng.reporters.JUnitReportReporter -->
<testsuite hostname="DESKTOP-8PDV9F0" failures="0" tests="1" name="Login.Login" time="4.239" errors="0" timestamp="2023-10-16T19:58:27 IST" skipped="0">
  <testcase classname="Login.Login" name="valid" time="4.239"/>
  <system-out/>
</testsuite> <!-- Login.Login -->
