<?xml version="1.0" encoding="UTF-8"?>
<!-- Generated by org.testng.reporters.JUnitReportReporter -->
<testsuite hostname="DESKTOP-8PDV9F0" failures="0" tests="1" name="Signup.Signup" time="2.623" errors="0" timestamp="2023-10-16T19:44:29 IST" skipped="0">
  <testcase classname="Signup.Signup" name="signup" time="2.623"/>
  <system-out/>
</testsuite> <!-- Signup.Signup -->
